[1213/071524:WARNING:resource_bundle.cc(304)] locale_file_path.empty()
[1213/071524:ERROR:main_delegate.cc(564)] Could not load locale pak for en-US
[1213/071524:ERROR:main_delegate.cc(571)] Could not load cef.pak
[1213/071524:ERROR:main_delegate.cc(588)] Could not load cef_100_percent.pak
[1213/071524:WARNING:resource_bundle.cc(497)] locale resources are not loaded
[1213/071524:WARNING:resource_bundle.cc(304)] locale_file_path.empty()
[1213/071524:ERROR:main_delegate.cc(564)] Could not load locale pak for en-US
[1213/071524:ERROR:main_delegate.cc(571)] Could not load cef.pak
[1213/071524:ERROR:main_delegate.cc(588)] Could not load cef_100_percent.pak
[1213/071859:WARNING:resource_bundle.cc(304)] locale_file_path.empty()
[1213/071859:ERROR:main_delegate.cc(564)] Could not load locale pak for en-US
[1213/071859:ERROR:main_delegate.cc(571)] Could not load cef.pak
[1213/071859:ERROR:main_delegate.cc(588)] Could not load cef_100_percent.pak
[1213/071859:WARNING:resource_bundle.cc(497)] locale resources are not loaded
[1213/071859:WARNING:resource_bundle.cc(304)] locale_file_path.empty()
[1213/071859:ERROR:main_delegate.cc(564)] Could not load locale pak for en-US
[1213/071859:ERROR:main_delegate.cc(571)] Could not load cef.pak
[1213/071859:ERROR:main_delegate.cc(588)] Could not load cef_100_percent.pak
[1213/071934:WARNING:resource_bundle.cc(304)] locale_file_path.empty()
[1213/071934:ERROR:main_delegate.cc(564)] Could not load locale pak for en-US
[1213/071934:ERROR:main_delegate.cc(571)] Could not load cef.pak
[1213/071934:ERROR:main_delegate.cc(588)] Could not load cef_100_percent.pak
[1213/071934:ERROR:renderer_main.cc(207)] Running without renderer sandbox
